<?xml version="1.0" encoding="UTF-8"?>
<testsuite xmlns:xsi="http://www.w3.org/2001/XMLSchema-instance" xsi:noNamespaceSchemaLocation="https://maven.apache.org/surefire/maven-surefire-plugin/xsd/surefire-test-report-3.0.xsd" version="3.0" name="com.hostfully.bookingapi.BookingApiApplicationTests" time="10.892" tests="1" errors="0" skipped="0" failures="0">
  <properties>
[...]
</properties>
  <testcase name="contextLoads" classname="com.hostfully.bookingapi.BookingApiApplicationTests" time="0.879">
    <system-out><![CDATA[22:35:33,224 |-INFO in ch.qos.logback.classic.LoggerContext[default] - This is logback-classic version 1.4.14
22:35:33,230 |-INFO in ch.qos.logback.classic.util.ContextInitializer@6e15fe2 - Here is a list of configurators discovered as a service, by rank: 
22:35:33,230 |-INFO in ch.qos.logback.classic.util.ContextInitializer@6e15fe2 -   org.springframework.boot.logging.logback.RootLogLevelConfigurator
22:35:33,230 |-INFO in ch.qos.logback.classic.util.ContextInitializer@6e15fe2 - They will be invoked in order until ExecutionStatus.DO_NOT_INVOKE_NEXT_IF_ANY is returned.
22:35:33,230 |-INFO in ch.qos.logback.classic.util.ContextInitializer@6e15fe2 - Constructed configurator of type class org.springframework.boot.logging.logback.RootLogLevelConfigurator
22:35:33,243 |-INFO in ch.qos.logback.classic.util.ContextInitializer@6e15fe2 - org.springframework.boot.logging.logback.RootLogLevelConfigurator.configure() call lasted 1 milliseconds. ExecutionStatus=INVOKE_NEXT_IF_ANY
22:35:33,243 |-INFO in ch.qos.logback.classic.util.ContextInitializer@6e15fe2 - Trying to configure with ch.qos.logback.classic.joran.SerializedModelConfigurator
22:35:33,244 |-INFO in ch.qos.logback.classic.util.ContextInitializer@6e15fe2 - Constructed configurator of type class ch.qos.logback.classic.joran.SerializedModelConfigurator
22:35:33,249 |-INFO in ch.qos.logback.classic.LoggerContext[default] - Could NOT find resource [logback-test.scmo]
22:35:33,249 |-INFO in ch.qos.logback.classic.LoggerContext[default] - Could NOT find resource [logback.scmo]
22:35:33,249 |-INFO in ch.qos.logback.classic.util.ContextInitializer@6e15fe2 - ch.qos.logback.classic.joran.SerializedModelConfigurator.configure() call lasted 5 milliseconds. ExecutionStatus=INVOKE_NEXT_IF_ANY
22:35:33,249 |-INFO in ch.qos.logback.classic.util.ContextInitializer@6e15fe2 - Trying to configure with ch.qos.logback.classic.util.DefaultJoranConfigurator
22:35:33,250 |-INFO in ch.qos.logback.classic.util.ContextInitializer@6e15fe2 - Constructed configurator of type class ch.qos.logback.classic.util.DefaultJoranConfigurator
22:35:33,251 |-INFO in ch.qos.logback.classic.LoggerContext[default] - Could NOT find resource [logback-test.xml]
22:35:33,254 |-INFO in ch.qos.logback.classic.LoggerContext[default] - Found resource [logback.xml] at [file:/D:/interview/hostfully/booking-api/target/classes/logback.xml]
22:35:33,409 |-WARN in ch.qos.logback.core.model.processor.AppenderModelHandler - Appender named [INFO_FILE] not referenced. Skipping further processing.
22:35:33,409 |-WARN in ch.qos.logback.core.model.processor.AppenderModelHandler - Appender named [ERROR_FILE] not referenced. Skipping further processing.
22:35:33,409 |-INFO in ch.qos.logback.core.model.processor.AppenderModelHandler - Processing appender named [CONSOLE]
22:35:33,409 |-INFO in ch.qos.logback.core.model.processor.AppenderModelHandler - About to instantiate appender of type [ch.qos.logback.core.ConsoleAppender]
22:35:33,422 |-INFO in ch.qos.logback.core.model.processor.ImplicitModelHandler - Assuming default type [ch.qos.logback.classic.encoder.PatternLayoutEncoder] for [encoder] property
22:35:33,465 |-INFO in ch.qos.logback.classic.model.processor.RootLoggerModelHandler - Setting level of ROOT logger to INFO
22:35:33,466 |-INFO in ch.qos.logback.core.model.processor.AppenderRefModelHandler - Attaching appender named [CONSOLE] to Logger[ROOT]
22:35:33,467 |-INFO in ch.qos.logback.core.model.processor.DefaultProcessor@68f1b17f - End of configuration.
22:35:33,468 |-INFO in ch.qos.logback.classic.joran.JoranConfigurator@1722011b - Registering current configuration as safe fallback point
22:35:33,468 |-INFO in ch.qos.logback.classic.util.ContextInitializer@6e15fe2 - ch.qos.logback.classic.util.DefaultJoranConfigurator.configure() call lasted 218 milliseconds. ExecutionStatus=DO_NOT_INVOKE_NEXT_IF_ANY

2024-03-11 22:35:33.646 [main] INFO  o.s.t.c.s.AnnotationConfigContextLoaderUtils -  - Could not detect default configuration classes for test class [com.hostfully.bookingapi.BookingApiApplicationTests]: BookingApiApplicationTests does not declare any static, non-private, non-final, nested classes annotated with @Configuration.
2024-03-11 22:35:33.869 [main] INFO  o.s.b.t.c.SpringBootTestContextBootstrapper -  - Found @SpringBootConfiguration com.hostfully.bookingapi.BookingApiApplication for test class com.hostfully.bookingapi.BookingApiApplicationTests
22:35:34,448 |-WARN in ch.qos.logback.core.model.processor.AppenderModelHandler - Appender named [INFO_FILE] not referenced. Skipping further processing.
22:35:34,448 |-WARN in ch.qos.logback.core.model.processor.AppenderModelHandler - Appender named [ERROR_FILE] not referenced. Skipping further processing.
22:35:34,448 |-INFO in ch.qos.logback.core.model.processor.AppenderModelHandler - Processing appender named [CONSOLE]
22:35:34,448 |-INFO in ch.qos.logback.core.model.processor.AppenderModelHandler - About to instantiate appender of type [ch.qos.logback.core.ConsoleAppender]
22:35:34,448 |-INFO in ch.qos.logback.core.model.processor.ImplicitModelHandler - Assuming default type [ch.qos.logback.classic.encoder.PatternLayoutEncoder] for [encoder] property
22:35:34,449 |-INFO in ch.qos.logback.classic.model.processor.RootLoggerModelHandler - Setting level of ROOT logger to INFO
22:35:34,449 |-INFO in ch.qos.logback.classic.jul.LevelChangePropagator@18fdb6cf - Propagating INFO level on Logger[ROOT] onto the JUL framework
22:35:34,450 |-INFO in ch.qos.logback.core.model.processor.AppenderRefModelHandler - Attaching appender named [CONSOLE] to Logger[ROOT]
22:35:34,450 |-INFO in ch.qos.logback.core.model.processor.DefaultProcessor@d02f8d - End of configuration.
22:35:34,450 |-INFO in org.springframework.boot.logging.logback.SpringBootJoranConfigurator@60baef24 - Registering current configuration as safe fallback point


  .   ____          _            __ _ _
 /\\ / ___'_ __ _ _(_)_ __  __ _ \ \ \ \
( ( )\___ | '_ | '_| | '_ \/ _` | \ \ \ \
 \\/  ___)| |_)| | | | | || (_| |  ) ) ) )
  '  |____| .__|_| |_|_| |_\__, | / / / /
 =========|_|==============|___/=/_/_/_/
 :: Spring Boot ::                (v3.2.3)

2024-03-11 22:35:34.523 [background-preinit] INFO  o.h.validator.internal.util.Version -  - HV000001: Hibernate Validator 8.0.1.Final
2024-03-11 22:35:34.560 [main] INFO  c.h.b.BookingApiApplicationTests -  - Starting BookingApiApplicationTests using Java 17.0.8 with PID 45920 (started by jader in D:\interview\hostfully\booking-api)
2024-03-11 22:35:34.561 [main] INFO  c.h.b.BookingApiApplicationTests -  - No active profile set, falling back to 1 default profile: "default"
2024-03-11 22:35:35.928 [main] INFO  o.s.d.r.c.RepositoryConfigurationDelegate -  - Bootstrapping Spring Data JPA repositories in DEFAULT mode.
2024-03-11 22:35:36.036 [main] INFO  o.s.d.r.c.RepositoryConfigurationDelegate -  - Finished Spring Data repository scanning in 96 ms. Found 5 JPA repository interfaces.
2024-03-11 22:35:36.749 [main] INFO  com.zaxxer.hikari.HikariDataSource -  - HikariPool-1 - Starting...
2024-03-11 22:35:37.070 [main] INFO  com.zaxxer.hikari.pool.HikariPool -  - HikariPool-1 - Added connection conn0: url=jdbc:h2:mem:bookingdb user=SA
2024-03-11 22:35:37.073 [main] INFO  com.zaxxer.hikari.HikariDataSource -  - HikariPool-1 - Start completed.
2024-03-11 22:35:37.148 [main] INFO  o.h.jpa.internal.util.LogHelper -  - HHH000204: Processing PersistenceUnitInfo [name: default]
2024-03-11 22:35:37.251 [main] INFO  org.hibernate.Version -  - HHH000412: Hibernate ORM core version 6.4.4.Final
2024-03-11 22:35:37.315 [main] INFO  o.h.c.i.RegionFactoryInitiator -  - HHH000026: Second-level cache disabled
2024-03-11 22:35:37.778 [main] INFO  o.s.o.j.p.SpringPersistenceUnitInfo -  - No LoadTimeWeaver setup: ignoring JPA class transformer
2024-03-11 22:35:39.018 [main] INFO  o.h.e.t.j.p.i.JtaPlatformInitiator -  - HHH000489: No JTA platform available (set 'hibernate.transaction.jta.platform' to enable JTA platform integration)
2024-03-11 22:35:39.075 [main] INFO  o.s.o.j.LocalContainerEntityManagerFactoryBean -  - Initialized JPA EntityManagerFactory for persistence unit 'default'
2024-03-11 22:35:39.506 [main] INFO  o.s.d.j.r.query.QueryEnhancerFactory -  - Hibernate is in classpath; If applicable, HQL parser will be used.
2024-03-11 22:35:40.832 [main] WARN  o.s.b.a.o.j.JpaBaseConfiguration$JpaWebConfiguration -  - spring.jpa.open-in-view is enabled by default. Therefore, database queries may be performed during view rendering. Explicitly configure spring.jpa.open-in-view to disable this warning
2024-03-11 22:35:42.832 [main] INFO  o.s.b.a.h.H2ConsoleAutoConfiguration -  - H2 console available at '/h2-console'. Database available at 'jdbc:h2:mem:bookingdb'
2024-03-11 22:35:42.902 [main] INFO  c.h.b.BookingApiApplicationTests -  - Started BookingApiApplicationTests in 8.746 seconds (process running for 11.344)
5
]]></system-out>
  </testcase>
</testsuite>